Flat profile:

Each sample counts as 0.01 seconds.
 no time accumulated

  %   cumulative   self              self     total           
 time   seconds   seconds    calls  Ts/call  Ts/call  name    
  0.00      0.00     0.00        3     0.00     0.00  bool __gnu_cxx::__is_null_pointer<char const>(char const*)
  0.00      0.00     0.00        3     0.00     0.00  char* std::string::_S_construct<char const*>(char const*, char const*, std::allocator<char> const&)
  0.00      0.00     0.00        3     0.00     0.00  char* std::string::_S_construct<char const*>(char const*, char const*, std::allocator<char> const&, std::forward_iterator_tag)
  0.00      0.00     0.00        3     0.00     0.00  char* std::string::_S_construct_aux<char const*>(char const*, char const*, std::allocator<char> const&, std::__false_type)
  0.00      0.00     0.00        3     0.00     0.00  std::basic_string<char, std::char_traits<char>, std::allocator<char> >::basic_string<std::allocator<char> >(char const*, std::allocator<char> const&)
  0.00      0.00     0.00        3     0.00     0.00  std::char_traits<char>::length(char const*)
  0.00      0.00     0.00        3     0.00     0.00  std::iterator_traits<char const*>::difference_type std::__distance<char const*>(char const*, char const*, std::random_access_iterator_tag)
  0.00      0.00     0.00        3     0.00     0.00  std::iterator_traits<char const*>::iterator_category std::__iterator_category<char const*>(char const* const&)
  0.00      0.00     0.00        3     0.00     0.00  std::iterator_traits<char const*>::difference_type std::distance<char const*>(char const*, char const*)
  0.00      0.00     0.00        2     0.00     0.00  printMatHeap(double*, int, int, std::string)
  0.00      0.00     0.00        2     0.00     0.00  matMult(double*, double*, int, int, int, int, double*, std::string)
  0.00      0.00     0.00        1     0.00     0.00  dotN(double*, double*, int)
  0.00      0.00     0.00        1     0.00     0.00  std::abs(double)

			Call graph


granularity: each sample hit covers 4 byte(s) no time propagated

index % time    self  children    called     name
                0.00    0.00       3/3           char* std::string::_S_construct<char const*>(char const*, char const*, std::allocator<char> const&, std::forward_iterator_tag) [64]
[62]     0.0    0.00    0.00       3         bool __gnu_cxx::__is_null_pointer<char const>(char const*) [62]
-----------------------------------------------
                0.00    0.00       3/3           std::basic_string<char, std::char_traits<char>, std::allocator<char> >::basic_string<std::allocator<char> >(char const*, std::allocator<char> const&) [66]
[63]     0.0    0.00    0.00       3         char* std::string::_S_construct<char const*>(char const*, char const*, std::allocator<char> const&) [63]
                0.00    0.00       3/3           char* std::string::_S_construct_aux<char const*>(char const*, char const*, std::allocator<char> const&, std::__false_type) [65]
-----------------------------------------------
                0.00    0.00       3/3           char* std::string::_S_construct_aux<char const*>(char const*, char const*, std::allocator<char> const&, std::__false_type) [65]
[64]     0.0    0.00    0.00       3         char* std::string::_S_construct<char const*>(char const*, char const*, std::allocator<char> const&, std::forward_iterator_tag) [64]
                0.00    0.00       3/3           bool __gnu_cxx::__is_null_pointer<char const>(char const*) [62]
                0.00    0.00       3/3           std::iterator_traits<char const*>::difference_type std::distance<char const*>(char const*, char const*) [70]
-----------------------------------------------
                0.00    0.00       3/3           char* std::string::_S_construct<char const*>(char const*, char const*, std::allocator<char> const&) [63]
[65]     0.0    0.00    0.00       3         char* std::string::_S_construct_aux<char const*>(char const*, char const*, std::allocator<char> const&, std::__false_type) [65]
                0.00    0.00       3/3           char* std::string::_S_construct<char const*>(char const*, char const*, std::allocator<char> const&, std::forward_iterator_tag) [64]
-----------------------------------------------
                0.00    0.00       3/3           main [38]
[66]     0.0    0.00    0.00       3         std::basic_string<char, std::char_traits<char>, std::allocator<char> >::basic_string<std::allocator<char> >(char const*, std::allocator<char> const&) [66]
                0.00    0.00       3/3           std::char_traits<char>::length(char const*) [67]
                0.00    0.00       3/3           char* std::string::_S_construct<char const*>(char const*, char const*, std::allocator<char> const&) [63]
-----------------------------------------------
                0.00    0.00       3/3           std::basic_string<char, std::char_traits<char>, std::allocator<char> >::basic_string<std::allocator<char> >(char const*, std::allocator<char> const&) [66]
[67]     0.0    0.00    0.00       3         std::char_traits<char>::length(char const*) [67]
-----------------------------------------------
                0.00    0.00       3/3           std::iterator_traits<char const*>::difference_type std::distance<char const*>(char const*, char const*) [70]
[68]     0.0    0.00    0.00       3         std::iterator_traits<char const*>::difference_type std::__distance<char const*>(char const*, char const*, std::random_access_iterator_tag) [68]
-----------------------------------------------
                0.00    0.00       3/3           std::iterator_traits<char const*>::difference_type std::distance<char const*>(char const*, char const*) [70]
[69]     0.0    0.00    0.00       3         std::iterator_traits<char const*>::iterator_category std::__iterator_category<char const*>(char const* const&) [69]
-----------------------------------------------
                0.00    0.00       3/3           char* std::string::_S_construct<char const*>(char const*, char const*, std::allocator<char> const&, std::forward_iterator_tag) [64]
[70]     0.0    0.00    0.00       3         std::iterator_traits<char const*>::difference_type std::distance<char const*>(char const*, char const*) [70]
                0.00    0.00       3/3           std::iterator_traits<char const*>::iterator_category std::__iterator_category<char const*>(char const* const&) [69]
                0.00    0.00       3/3           std::iterator_traits<char const*>::difference_type std::__distance<char const*>(char const*, char const*, std::random_access_iterator_tag) [68]
-----------------------------------------------
                0.00    0.00       2/2           main [38]
[71]     0.0    0.00    0.00       2         printMatHeap(double*, int, int, std::string) [71]
-----------------------------------------------
                0.00    0.00       1/2           main [38]
                0.00    0.00       1/2           _GLOBAL__sub_I__Z5XProd7VectorsS_PS_ [75]
[72]     0.0    0.00    0.00       2         matMult(double*, double*, int, int, int, int, double*, std::string) [72]
-----------------------------------------------
                0.00    0.00       1/1           main [38]
[73]     0.0    0.00    0.00       1         dotN(double*, double*, int) [73]
-----------------------------------------------
                0.00    0.00       1/1           main [38]
[74]     0.0    0.00    0.00       1         std::abs(double) [74]
-----------------------------------------------

Index by function name

  [71] printMatHeap(double*, int, int, std::string) [64] char* std::string::_S_construct<char const*>(char const*, char const*, std::allocator<char> const&, std::forward_iterator_tag) [69] std::iterator_traits<char const*>::iterator_category std::__iterator_category<char const*>(char const* const&)
  [73] dotN(double*, double*, int) [65] char* std::string::_S_construct_aux<char const*>(char const*, char const*, std::allocator<char> const&, std::__false_type) [74] std::abs(double)
  [72] matMult(double*, double*, int, int, int, int, double*, std::string) [66] std::basic_string<char, std::char_traits<char>, std::allocator<char> >::basic_string<std::allocator<char> >(char const*, std::allocator<char> const&) [70] std::iterator_traits<char const*>::difference_type std::distance<char const*>(char const*, char const*)
  [62] bool __gnu_cxx::__is_null_pointer<char const>(char const*) [67] std::char_traits<char>::length(char const*)
  [63] char* std::string::_S_construct<char const*>(char const*, char const*, std::allocator<char> const&) [68] std::iterator_traits<char const*>::difference_type std::__distance<char const*>(char const*, char const*, std::random_access_iterator_tag)
