Flat profile:

Each sample counts as 0.01 seconds.
 no time accumulated

  %   cumulative   self              self     total           
 time   seconds   seconds    calls  Ts/call  Ts/call  name    
  0.00      0.00     0.00        9     0.00     0.00  dot3
  0.00      0.00     0.00        6     0.00     0.00  printVecVals
  0.00      0.00     0.00        5     0.00     0.00  XProd
  0.00      0.00     0.00        2     0.00     0.00  norm3L2
  0.00      0.00     0.00        1     0.00     0.00  importSunAndMagVecs

			Call graph


granularity: each sample hit covers 4 byte(s) no time propagated

index % time    self  children    called     name
                0.00    0.00       9/9           main [42]
[1]      0.0    0.00    0.00       9         dot3 [1]
-----------------------------------------------
                0.00    0.00       6/6           main [42]
[2]      0.0    0.00    0.00       6         printVecVals [2]
-----------------------------------------------
                0.00    0.00       5/5           main [42]
[3]      0.0    0.00    0.00       5         XProd [3]
-----------------------------------------------
                0.00    0.00       2/2           main [42]
[4]      0.0    0.00    0.00       2         norm3L2 [4]
-----------------------------------------------
                0.00    0.00       1/1           main [42]
[5]      0.0    0.00    0.00       1         importSunAndMagVecs [5]
-----------------------------------------------

Index by function name

   [3] XProd                   [5] importSunAndMagVecs     [2] printVecVals
   [1] dot3                    [4] norm3L2
